#
# There is insufficient memory for the Java Runtime Environment to continue.
# Native memory allocation (malloc) failed to allocate 1048576 bytes for AllocateHeap
# Possible reasons:
#   The system is out of physical RAM or swap space
#   The process is running with CompressedOops enabled, and the Java Heap may be blocking the growth of the native heap
# Possible solutions:
#   Reduce memory load on the system
#   Increase physical memory or swap space
#   Check if swap backing store is full
#   Decrease Java heap size (-Xmx/-Xms)
#   Decrease number of Java threads
#   Decrease Java thread stack sizes (-Xss)
#   Set larger code cache with -XX:ReservedCodeCacheSize=
#   JVM is running with Unscaled Compressed Oops mode in which the Java heap is
#     placed in the first 4GB address space. The Java Heap base address is the
#     maximum limit for the native heap growth. Please use -XX:HeapBaseMinAddress
#     to set the Java Heap base and to place the Java Heap above 4GB virtual address.
# This output file may be truncated or incomplete.
#
#  Out of Memory Error (memory/allocation.inline.hpp:61), pid=15592, tid=0x0000000000001f8c
#
# JRE version:  (8.0_282-b08) (build )
# Java VM: OpenJDK 64-Bit Server VM (25.282-b08 mixed mode windows-amd64 compressed oops)
# Failed to write core dump. Minidumps are not enabled by default on client versions of Windows
#

---------------  T H R E A D  ---------------

Current thread (0x0000000002a4c800):  JavaThread "Unknown thread" [_thread_in_vm, id=8076, stack(0x0000000002860000,0x0000000002960000)]

Stack: [0x0000000002860000,0x0000000002960000]
[error occurred during error reporting (printing stack bounds), id 0xc0000005]

Native frames: (J=compiled Java code, j=interpreted, Vv=VM code, C=native code)


---------------  P R O C E S S  ---------------

Java Threads: ( => current thread )

Other Threads:

=>0x0000000002a4c800 (exited) JavaThread "Unknown thread" [_thread_in_vm, id=8076, stack(0x0000000002860000,0x0000000002960000)]

VM state:not at safepoint (normal execution)

VM Mutex/Monitor currently owned by a thread: None

heap address: 0x0000000080000000, size: 2048 MB, Compressed Oops mode: 32-bit
Narrow klass base: 0x0000000000000000, Narrow klass shift: 3
Compressed class space size: 1073741824 Address: 0x0000000100000000

Heap:
 PSYoungGen      total 67072K, used 1157K [0x00000000d5580000, 0x00000000da000000, 0x0000000100000000)
  eden space 57856K, 2% used [0x00000000d5580000,0x00000000d56a1488,0x00000000d8e00000)
  from space 9216K, 0% used [0x00000000d9700000,0x00000000d9700000,0x00000000da000000)
  to   space 9216K, 0% used [0x00000000d8e00000,0x00000000d8e00000,0x00000000d9700000)
 ParOldGen       total 153088K, used 0K [0x0000000080000000, 0x0000000089580000, 0x00000000d5580000)
  object space 153088K, 0% used [0x0000000080000000,0x0000000080000000,0x0000000089580000)
 Metaspace       used 801K, capacity 4480K, committed 4480K, reserved 1056768K
  class space    used 77K, capacity 384K, committed 384K, reserved 1048576K

Card table byte_map: [0x0000000011f00000,0x0000000012310000] byte_map_base: 0x0000000011b00000

Marking Bits: (ParMarkBitMap*) 0x000000006a7d1f00
 Begin Bits: [0x0000000012dc0000, 0x0000000014dc0000)
 End Bits:   [0x0000000014dc0000, 0x0000000016dc0000)

Polling page: 0x00000000009a0000

CodeCache: size=245760Kb used=327Kb max_used=327Kb free=245432Kb
 bounds [0x0000000002b40000, 0x0000000002db0000, 0x0000000011b40000]
 total_blobs=57 nmethods=0 adapters=38
 compilation: enabled

Compilation events (0 events):
No events

GC Heap History (0 events):
No events

Deoptimization events (0 events):
No events

Classes redefined (0 events):
No events

Internal exceptions (0 events):
No events

Events (10 events):
Event: 0.028 loading class java/lang/Short
Event: 0.028 loading class java/lang/Short done
Event: 0.028 loading class java/lang/Integer
Event: 0.028 loading class java/lang/Integer done
Event: 0.028 loading class java/lang/Long
Event: 0.028 loading class java/lang/Long done
Event: 0.029 loading class java/lang/NullPointerException
Event: 0.029 loading class java/lang/NullPointerException done
Event: 0.029 loading class java/lang/ArithmeticException
Event: 0.029 loading class java/lang/ArithmeticException done


Dynamic libraries:
0x00007ff613e50000 - 0x00007ff613e85000 	D:\Katalon_Studio_Windows_64-8.5.5\jre\bin\javaw.exe
0x00007ff98c7c0000 - 0x00007ff98c9b0000 	C:\WINDOWS\SYSTEM32\ntdll.dll
0x00007ff98ae20000 - 0x00007ff98aed2000 	C:\WINDOWS\System32\KERNEL32.DLL
0x00007ff98a350000 - 0x00007ff98a5f5000 	C:\WINDOWS\System32\KERNELBASE.dll
0x00007ff98b4c0000 - 0x00007ff98b565000 	C:\WINDOWS\System32\ADVAPI32.dll
0x00007ff98aee0000 - 0x00007ff98af7e000 	C:\WINDOWS\System32\msvcrt.dll
0x00007ff98c6e0000 - 0x00007ff98c778000 	C:\WINDOWS\System32\sechost.dll
0x00007ff98ad00000 - 0x00007ff98ae1b000 	C:\WINDOWS\System32\RPCRT4.dll
0x00007ff98b2c0000 - 0x00007ff98b454000 	C:\WINDOWS\System32\USER32.dll
0x00007ff98a600000 - 0x00007ff98a621000 	C:\WINDOWS\System32\win32u.dll
0x00007ff98a9b0000 - 0x00007ff98a9d6000 	C:\WINDOWS\System32\GDI32.dll
0x00007ff9898b0000 - 0x00007ff989a48000 	C:\WINDOWS\System32\gdi32full.dll
0x00007ff98a630000 - 0x00007ff98a6ce000 	C:\WINDOWS\System32\msvcp_win.dll
0x00007ff98a6d0000 - 0x00007ff98a7ca000 	C:\WINDOWS\System32\ucrtbase.dll
0x00007ff965e30000 - 0x00007ff9660b4000 	C:\WINDOWS\WinSxS\amd64_microsoft.windows.common-controls_6595b64144ccf1df_6.0.18362.2274_none_9e8067a5e45c3d75\COMCTL32.dll
0x00007ff98af80000 - 0x00007ff98b2b6000 	C:\WINDOWS\System32\combase.dll
0x00007ff98a7d0000 - 0x00007ff98a854000 	C:\WINDOWS\System32\bcryptPrimitives.dll
0x00007ff98c520000 - 0x00007ff98c54e000 	C:\WINDOWS\System32\IMM32.DLL
0x0000000069eb0000 - 0x0000000069f82000 	D:\Katalon_Studio_Windows_64-8.5.5\jre\bin\msvcr100.dll
0x0000000069f90000 - 0x000000006a855000 	D:\Katalon_Studio_Windows_64-8.5.5\jre\bin\server\jvm.dll
0x00007ff98c370000 - 0x00007ff98c378000 	C:\WINDOWS\System32\PSAPI.DLL
0x00007ff987470000 - 0x00007ff987494000 	C:\WINDOWS\SYSTEM32\WINMM.dll
0x00007ff95cee0000 - 0x00007ff95cee9000 	C:\WINDOWS\SYSTEM32\WSOCK32.dll
0x00007ff98c610000 - 0x00007ff98c67f000 	C:\WINDOWS\System32\WS2_32.dll
0x00007ff9813e0000 - 0x00007ff9813ea000 	C:\WINDOWS\SYSTEM32\VERSION.dll
0x00007ff987440000 - 0x00007ff98746d000 	C:\WINDOWS\SYSTEM32\WINMMBASE.dll
0x00007ff989860000 - 0x00007ff9898aa000 	C:\WINDOWS\System32\cfgmgr32.dll
0x00007ff97e670000 - 0x00007ff97e67f000 	D:\Katalon_Studio_Windows_64-8.5.5\jre\bin\verify.dll
0x00007ff9763f0000 - 0x00007ff976419000 	D:\Katalon_Studio_Windows_64-8.5.5\jre\bin\java.dll
0x00007ff975310000 - 0x00007ff975326000 	D:\Katalon_Studio_Windows_64-8.5.5\jre\bin\zip.dll

VM Arguments:
jvm_args: -Dgroovy.home=C:\Users\kevin.edgar/.groovy -Djava.system.class.loader=groovy.lang.GroovyClassLoader -Xmx2048m -Dfile.encoding=UTF-8 
java_command: org.codehaus.groovy.tools.GroovyStarter --classpath D:\KIP'\Katalon Test\EENDIGOProject\bin\keyword;D:\KIP'\Katalon Test\EENDIGOProject\Keywords;D:\KIP'\Katalon Test\EENDIGOProject\bin\listener;D:\KIP'\Katalon Test\EENDIGOProject\Test Listeners;D:\KIP'\Katalon Test\EENDIGOProject\bin\lib;D:\KIP'\Katalon Test\EENDIGOProject\Libs;D:\KIP'\Katalon Test\EENDIGOProject\bin\groovy;D:\KIP'\Katalon Test\EENDIGOProject\Include\scripts\groovy;D:\Katalon_Studio_Windows_64-8.5.5\plugins\com.kms.katalon.core_1.0.0.202211290936.jar;D:\Katalon_Studio_Windows_64-8.5.5\configuration\resources\lib\aalto-xml-1.0.0.jar;D:\Katalon_Studio_Windows_64-8.5.5\configuration\resources\lib\aspectjweaver-1.9.1.jar;D:\Katalon_Studio_Windows_64-8.5.5\configuration\resources\lib\bcpkix-jdk15on-1.64.jar;D:\Katalon_Studio_Windows_64-8.5.5\configuration\resources\lib\bcprov-jdk15on-1.64.jar;D:\Katalon_Studio_Windows_64-8.5.5\configuration\resources\lib\browsermob-core-2.1.5.jar;D:\Katalon_Studio_Windows_64-8.5.5\configuration\resources\lib\cglib-3.2.10.jar;D:\Katalon_Studio_Windows_64-8.5.5\configuration\resources\lib\commons-codec-1.10.jar;D:\Katalon_Studio_Windows_64-8.5.5\configuration\resources\lib\commons-collections4-4.1.jar;D:\Katalon_Studio_Windows_64-8.5.5\configuration\resources\lib\commons-validator-1.6.jar;D:\Katalon_Studio_Windows_64-8.5.5\configuration\resources\lib\curvesapi-1.04.jar;D:\Katalon_Studio_Windows_64-8.5.5\configuration\resources\lib\dnsjava-2.1.8.jar;D:\Katalon_Studio_Windows_64-8.5.5\configuration\resources\lib\java-client-7.0.0.jar;D:\Katalon_Studio_Windows_64-8.5.5\configuration\resources\lib\jna-4.1.0.jar;D:\Katalon_Studio_Windows_64-8.5.5\configuration\resources\lib\jna-platform-4.1.0.jar;D:\Katalon_Studio_Windows_64-8.5.5\configuration\resources\lib\jzlib-1.1.3.jar;D:\Katalon_Studio_Windows_64-8.5.5\configuration\resources\lib\kat-server.jar;D:\Katalon_Studio_Windows_64-8.5.5\configuration\resources\lib\littleproxy-1.1.0-beta-bmp-17.jar;D:\Katalon_Studi
java_class_path (initial): D:\KIP'\Katalon Test\EENDIGOProject\bin\keyword;D:\KIP'\Katalon Test\EENDIGOProject\bin\listener;D:\KIP'\Katalon Test\EENDIGOProject\bin\lib;D:\KIP'\Katalon Test\EENDIGOProject\bin\groovy;D:\KIP'\Katalon Test\EENDIGOProject\bin;D:\Katalon_Studio_Windows_64-8.5.5\plugins\com.kms.katalon.core_1.0.0.202211290936.jar;D:\Katalon_Studio_Windows_64-8.5.5\configuration\resources\lib\aalto-xml-1.0.0.jar;D:\Katalon_Studio_Windows_64-8.5.5\configuration\resources\lib\aspectjweaver-1.9.1.jar;D:\Katalon_Studio_Windows_64-8.5.5\configuration\resources\lib\bcpkix-jdk15on-1.64.jar;D:\Katalon_Studio_Windows_64-8.5.5\configuration\resources\lib\bcprov-jdk15on-1.64.jar;D:\Katalon_Studio_Windows_64-8.5.5\configuration\resources\lib\browsermob-core-2.1.5.jar;D:\Katalon_Studio_Windows_64-8.5.5\configuration\resources\lib\cglib-3.2.10.jar;D:\Katalon_Studio_Windows_64-8.5.5\configuration\resources\lib\commons-codec-1.10.jar;D:\Katalon_Studio_Windows_64-8.5.5\configuration\resources\lib\commons-collections4-4.1.jar;D:\Katalon_Studio_Windows_64-8.5.5\configuration\resources\lib\commons-validator-1.6.jar;D:\Katalon_Studio_Windows_64-8.5.5\configuration\resources\lib\curvesapi-1.04.jar;D:\Katalon_Studio_Windows_64-8.5.5\configuration\resources\lib\dnsjava-2.1.8.jar;D:\Katalon_Studio_Windows_64-8.5.5\configuration\resources\lib\java-client-7.0.0.jar;D:\Katalon_Studio_Windows_64-8.5.5\configuration\resources\lib\jna-4.1.0.jar;D:\Katalon_Studio_Windows_64-8.5.5\configuration\resources\lib\jna-platform-4.1.0.jar;D:\Katalon_Studio_Windows_64-8.5.5\configuration\resources\lib\jzlib-1.1.3.jar;D:\Katalon_Studio_Windows_64-8.5.5\configuration\resources\lib\kat-server.jar;D:\Katalon_Studio_Windows_64-8.5.5\configuration\resources\lib\littleproxy-1.1.0-beta-bmp-17.jar;D:\Katalon_Studio_Windows_64-8.5.5\configuration\resources\lib\log4j-1.2-api-2.17.1.jar;D:\Katalon_Studio_Windows_64-8.5.5\configuration\resources\lib\log4j-api-2.17.1.jar;D:\Katalon_Studio_Windows_64-8.5.5\conf
Launcher Type: SUN_STANDARD

Environment Variables:
PATH=D:/Katalon_Studio_Windows_64-8.5.5/jre/bin/server;D:/Katalon_Studio_Windows_64-8.5.5/jre/bin;D:/Katalon_Studio_Windows_64-8.5.5/jre/lib/amd64;C:\WINDOWS\system32;C:\WINDOWS;C:\WINDOWS\System32\Wbem;C:\WINDOWS\System32\WindowsPowerShell\v1.0\;C:\WINDOWS\System32\OpenSSH\;C:\Program Files (x86)\Microsoft SQL Server\150\DTS\Binn\;C:\Program Files\Azure Data Studio\bin;C:\Program Files\Git\cmd;C:\Program Files (x86)\Microsoft SQL Server\Client SDK\ODBC\130\Tools\Binn\;C:\Program Files (x86)\Microsoft SQL Server\140\Tools\Binn\;C:\Program Files (x86)\Microsoft SQL Server\140\DTS\Binn\;C:\Program Files (x86)\Microsoft SQL Server\140\Tools\Binn\ManagementStudio\;C:\Program Files\Microsoft SQL Server\Client SDK\ODBC\130\Tools\Binn\;C:\Program Files\Microsoft SQL Server\140\Tools\Binn\;C:\Program Files\Microsoft SQL Server\140\DTS\Binn\;C:\Program Files\TortoiseSVN\bin;C:\Program Files\nodejs\;C:\Users\kevin.edgar\AppData\Local\Microsoft\WindowsApps;C:\Users\kevin.edgar\AppData\Local\Programs\Microsoft VS Code\bin;C:\Users\kevin.edgar\AppData\Roaming\npm;D:\Katalon_Studio_Windows_64-8.5.5;
USERNAME=kevin.edgar
OS=Windows_NT
PROCESSOR_IDENTIFIER=AMD64 Family 23 Model 24 Stepping 1, AuthenticAMD



---------------  S Y S T E M  ---------------

OS: Windows 10.0 , 64 bit Build 18362 (10.0.18362.2274)

CPU:total 8 (initial active 8) (8 cores per cpu, 1 threads per core) family 23 model 24 stepping 1, cmov, cx8, fxsr, mmx, sse, sse2, sse3, ssse3, sse4.1, sse4.2, popcnt, avx, avx2, aes, clmul, mmxext, 3dnowpref, lzcnt, sse4a, tsc, tscinvbit, tscinv, bmi1

Memory: 4k page, physical 14611788k(3464444k free), swap 21688260k(5252k free)

vm_info: OpenJDK 64-Bit Server VM (25.282-b08) for windows-amd64 JRE (Zulu 8.52.0.23-CA-win64) (1.8.0_282-b08), built on Jan 12 2021 07:45:49 by "tester" with MS VC++ 10.0 (VS2010)

time: Wed May 03 09:40:10 2023
timezone: SE Asia Standard Time
elapsed time: 0.037898 seconds (0d 0h 0m 0s)

